<?xml version="1.0" encoding="UTF-8"?>
<!-- Generated by org.testng.reporters.JUnitXMLReporter -->
<testsuite hostname="DESKTOP-E8J7J2T" name="sample-Test" tests="8" failures="0" timestamp="4 Jan 2017 12:42:42 GMT" time="100.195" errors="0">
  <testcase name="TestCase12" time="5.286" classname="com.TestCases.TestCase1"/>
  <testcase name="TestCase21" time="3.14" classname="com.TestCases.TestCase2"/>
  <testcase name="TestCase31" time="2.344" classname="com.TestCases.TestCase3"/>
  <testcase name="TestCase32" time="20.505" classname="com.TestCases.TestCase3"/>
  <testcase name="TestCase33" time="1.299" classname="com.TestCases.TestCase3"/>
  <testcase name="TestCase41" time="3.096" classname="com.TestCases.TestCase4"/>
  <testcase name="TestCase42" time="0.604" classname="com.TestCases.TestCase4"/>
  <testcase name="testCase51" time="16.879" classname="com.TestCases.TestCase5"/>
</testsuite> <!-- sample-Test -->
